<html>
<head>
<title>TestNG:  Test</title>
<link href="../testng.css" rel="stylesheet" type="text/css" />
<link href="../my-testng.css" rel="stylesheet" type="text/css" />

<style type="text/css">
.log { display: none;} 
.stack-trace { display: none;} 
</style>
<script type="text/javascript">
<!--
function flip(e) {
  current = e.style.display;
  if (current == 'block') {
    e.style.display = 'none';
    return 0;
  }
  else {
    e.style.display = 'block';
    return 1;
  }
}

function toggleBox(szDivId, elem, msg1, msg2)
{
  var res = -1;  if (document.getElementById) {
    res = flip(document.getElementById(szDivId));
  }
  else if (document.all) {
    // this is the way old msie versions work
    res = flip(document.all[szDivId]);
  }
  if(elem) {
    if(res == 0) elem.innerHTML = msg1; else elem.innerHTML = msg2;
  }

}

function toggleAllBoxes() {
  if (document.getElementsByTagName) {
    d = document.getElementsByTagName('div');
    for (i = 0; i < d.length; i++) {
      if (d[i].className == 'log') {
        flip(d[i]);
      }
    }
  }
}

// -->
</script>

</head>
<body>
<h2 align='center'>Test</h2><table border='1' align="center">
<tr>
<td>Tests passed/Failed/Skipped:</td><td>10/1/0</td>
</tr><tr>
<td>Started on:</td><td>Fri Jul 12 21:54:40 PET 2024</td>
</tr>
<tr><td>Total time:</td><td>79 seconds (79786 ms)</td>
</tr><tr>
<td>Included groups:</td><td></td>
</tr><tr>
<td>Excluded groups:</td><td></td>
</tr>
</table><p/>
<small><i>(Hover the method name to see the test class name)</i></small><p/>
<table width='100%' border='1' class='invocation-failed'>
<tr><td colspan='4' align='center'><b>FAILED TESTS</b></td></tr>
<tr><td><b>Test method</b></td>
<td width="30%"><b>Exception</b></td>
<td width="10%"><b>Time (seconds)</b></td>
<td><b>Instance</b></td>
</tr>
<tr>
<td title='com.juice.runner.CucumberRunner.runScenario()'><b>runScenario</b><br>Test class: com.juice.runner.CucumberRunner<br>Test method: Runs Cucumber Scenarios<br>Parameters: "login a user", "Login User"</td>
<td><div><pre>org.openqa.selenium.TimeoutException: Expected condition failed: waiting for visibility of element located by By.xpath: /html/body/app-root/div/mat-sidenav-container/mat-sidenav-content/app-search-result/div/div/div[1]/div[1] (tried for 15 second(s) with 500 milliseconds interval)
Build info: version: &apos;4.22.0&apos;, revision: &apos;c5f3146703*&apos;
System info: os.name: &apos;Windows 11&apos;, os.arch: &apos;amd64&apos;, os.version: &apos;10.0&apos;, java.version: &apos;18.0.2.1&apos;
Driver info: org.openqa.selenium.firefox.FirefoxDriver
Capabilities {acceptInsecureCerts: true, browserName: firefox, browserVersion: 128.0, moz:accessibilityChecks: false, moz:buildID: 20240704121409, moz:debuggerAddress: 127.0.0.1:22440, moz:geckodriverVersion: 0.34.0, moz:headless: false, moz:platformVersion: 10.0, moz:processID: 15464, moz:profile: C:\Users\ingjo\AppData\Loca..., moz:shutdownTimeout: 60000, moz:webdriverClick: true, moz:windowless: false, pageLoadStrategy: normal, platformName: windows, proxy: Proxy(), se:cdp: ws://127.0.0.1:22440/devtoo..., se:cdpVersion: 85.0, setWindowRect: true, strictFileInteractability: false, timeouts: {implicit: 0, pageLoad: 300000, script: 30000}, unhandledPromptBehavior: dismiss and notify, userAgent: Mozilla/5.0 (Windows NT 10....}
Session ID: e43e3c7a-5c83-4182-84bf-76b4fbdc0b19
	at org.openqa.selenium.support.ui.WebDriverWait.timeoutException(WebDriverWait.java:84)
	at org.openqa.selenium.support.ui.FluentWait.until(FluentWait.java:228)
	at com.juice.stepDefinitionsTest.StepsGeneralUser.user_can_see_a_message(StepsGeneralUser.java:102)
	at ✽.user can see a message(file:///C:/Workspace/SeleniumWebDriver/SeleniumGherkinCucumberBDD/AutoCucumber/src/test/resources/features/2-login.feature:11)
</pre></div><a href='#' onClick='toggleBox("stack-trace362140338", this, "Click to show all stack frames", "Click to hide stack frames")'>Click to show all stack frames</a>
<div class='stack-trace' id='stack-trace362140338'><pre>org.openqa.selenium.TimeoutException: Expected condition failed: waiting for visibility of element located by By.xpath: /html/body/app-root/div/mat-sidenav-container/mat-sidenav-content/app-search-result/div/div/div[1]/div[1] (tried for 15 second(s) with 500 milliseconds interval)
Build info: version: &apos;4.22.0&apos;, revision: &apos;c5f3146703*&apos;
System info: os.name: &apos;Windows 11&apos;, os.arch: &apos;amd64&apos;, os.version: &apos;10.0&apos;, java.version: &apos;18.0.2.1&apos;
Driver info: org.openqa.selenium.firefox.FirefoxDriver
Capabilities {acceptInsecureCerts: true, browserName: firefox, browserVersion: 128.0, moz:accessibilityChecks: false, moz:buildID: 20240704121409, moz:debuggerAddress: 127.0.0.1:22440, moz:geckodriverVersion: 0.34.0, moz:headless: false, moz:platformVersion: 10.0, moz:processID: 15464, moz:profile: C:\Users\ingjo\AppData\Loca..., moz:shutdownTimeout: 60000, moz:webdriverClick: true, moz:windowless: false, pageLoadStrategy: normal, platformName: windows, proxy: Proxy(), se:cdp: ws://127.0.0.1:22440/devtoo..., se:cdpVersion: 85.0, setWindowRect: true, strictFileInteractability: false, timeouts: {implicit: 0, pageLoad: 300000, script: 30000}, unhandledPromptBehavior: dismiss and notify, userAgent: Mozilla/5.0 (Windows NT 10....}
Session ID: e43e3c7a-5c83-4182-84bf-76b4fbdc0b19
	at org.openqa.selenium.support.ui.WebDriverWait.timeoutException(WebDriverWait.java:84)
	at org.openqa.selenium.support.ui.FluentWait.until(FluentWait.java:228)
	at com.juice.stepDefinitionsTest.StepsGeneralUser.user_can_see_a_message(StepsGeneralUser.java:102)
	at ✽.user can see a message(file:///C:/Workspace/SeleniumWebDriver/SeleniumGherkinCucumberBDD/AutoCucumber/src/test/resources/features/2-login.feature:11)
</pre></div></td>
<td>15</td>
<td>com.juice.runner.CucumberRunner@5fe94a96</td></tr>
</table><p>
<table width='100%' border='1' class='invocation-passed'>
<tr><td colspan='4' align='center'><b>PASSED TESTS</b></td></tr>
<tr><td><b>Test method</b></td>
<td width="30%"><b>Exception</b></td>
<td width="10%"><b>Time (seconds)</b></td>
<td><b>Instance</b></td>
</tr>
<tr>
<td title='com.juice.runner.CucumberRunner.runScenario()'><b>runScenario</b><br>Test class: com.juice.runner.CucumberRunner<br>Test method: Runs Cucumber Scenarios<br>Parameters: "successful register new users", "Register new User"</td>
<td></td>
<td>6</td>
<td>com.juice.runner.CucumberRunner@5fe94a96</td></tr>
<tr>
<td title='com.juice.runner.CucumberRunner.runScenario()'><b>runScenario</b><br>Test class: com.juice.runner.CucumberRunner<br>Test method: Runs Cucumber Scenarios<br>Parameters: "register first purchase order", "Register new User"</td>
<td></td>
<td>10</td>
<td>com.juice.runner.CucumberRunner@5fe94a96</td></tr>
<tr>
<td title='com.juice.runner.CucumberRunner.runScenario()'><b>runScenario</b><br>Test class: com.juice.runner.CucumberRunner<br>Test method: Runs Cucumber Scenarios<br>Parameters: "register method payment", "Register method paymen"</td>
<td></td>
<td>4</td>
<td>com.juice.runner.CucumberRunner@5fe94a96</td></tr>
<tr>
<td title='com.juice.runner.CucumberRunner.runScenario()'><b>runScenario</b><br>Test class: com.juice.runner.CucumberRunner<br>Test method: Runs Cucumber Scenarios<br>Parameters: "register second purchase order", "Register new User"</td>
<td></td>
<td>5</td>
<td>com.juice.runner.CucumberRunner@5fe94a96</td></tr>
<tr>
<td title='com.juice.runner.CucumberRunner.runScenario()'><b>runScenario</b><br>Test class: com.juice.runner.CucumberRunner<br>Test method: Runs Cucumber Scenarios<br>Parameters: "successful register new users", "Register new User"</td>
<td></td>
<td>18</td>
<td>com.juice.runner.CucumberRunner@5fe94a96</td></tr>
<tr>
<td title='com.juice.runner.CucumberRunner.runScenario()'><b>runScenario</b><br>Test class: com.juice.runner.CucumberRunner<br>Test method: Runs Cucumber Scenarios<br>Parameters: "register address of user", "Register new Address"</td>
<td></td>
<td>3</td>
<td>com.juice.runner.CucumberRunner@5fe94a96</td></tr>
<tr>
<td title='com.juice.runner.CucumberRunner.runScenario()'><b>runScenario</b><br>Test class: com.juice.runner.CucumberRunner<br>Test method: Runs Cucumber Scenarios<br>Parameters: "check order history", "Validate History purchases"</td>
<td></td>
<td>0</td>
<td>com.juice.runner.CucumberRunner@5fe94a96</td></tr>
<tr>
<td title='com.juice.runner.CucumberRunner.runScenario()'><b>runScenario</b><br>Test class: com.juice.runner.CucumberRunner<br>Test method: Runs Cucumber Scenarios<br>Parameters: "register method payment", "Register method paymen"</td>
<td></td>
<td>3</td>
<td>com.juice.runner.CucumberRunner@5fe94a96</td></tr>
<tr>
<td title='com.juice.runner.CucumberRunner.runScenario()'><b>runScenario</b><br>Test class: com.juice.runner.CucumberRunner<br>Test method: Runs Cucumber Scenarios<br>Parameters: "login a user", "Login User"</td>
<td></td>
<td>0</td>
<td>com.juice.runner.CucumberRunner@5fe94a96</td></tr>
<tr>
<td title='com.juice.runner.CucumberRunner.runScenario()'><b>runScenario</b><br>Test class: com.juice.runner.CucumberRunner<br>Test method: Runs Cucumber Scenarios<br>Parameters: "register address of user", "Register new Address"</td>
<td></td>
<td>3</td>
<td>com.juice.runner.CucumberRunner@5fe94a96</td></tr>
</table><p>
</body>
</html>