<?xml version="1.0" encoding="UTF-8"?>
<!-- Generated by org.testng.reporters.JUnitReportReporter -->
<testsuite hostname="TheLastMVK" failures="0" tests="11" name="com.juice.runner.CucumberRunner" time="71.557" errors="1" timestamp="2024-07-12T21:56:00 PET" skipped="0">
  <testcase classname="com.juice.runner.CucumberRunner" name="runScenario" time="6.442"/>
  <system-out/>
  <testcase classname="com.juice.runner.CucumberRunner" name="runScenario" time="10.395"/>
  <system-out/>
  <testcase classname="com.juice.runner.CucumberRunner" name="runScenario" time="15.427">
    <error message="Expected condition failed: waiting for visibility of element located by By.xpath: /html/body/app-root/div/mat-sidenav-container/mat-sidenav-content/app-search-result/div/div/div[1]/div[1] (tried for 15 second(s) with 500 milliseconds interval)
Build info: version: &#039;4.22.0&#039;, revision: &#039;c5f3146703*&#039;
System info: os.name: &#039;Windows 11&#039;, os.arch: &#039;amd64&#039;, os.version: &#039;10.0&#039;, java.version: &#039;18.0.2.1&#039;
Driver info: org.openqa.selenium.firefox.FirefoxDriver
Capabilities {acceptInsecureCerts: true, browserName: firefox, browserVersion: 128.0, moz:accessibilityChecks: false, moz:buildID: 20240704121409, moz:debuggerAddress: 127.0.0.1:22440, moz:geckodriverVersion: 0.34.0, moz:headless: false, moz:platformVersion: 10.0, moz:processID: 15464, moz:profile: C:\Users\ingjo\AppData\Loca..., moz:shutdownTimeout: 60000, moz:webdriverClick: true, moz:windowless: false, pageLoadStrategy: normal, platformName: windows, proxy: Proxy(), se:cdp: ws://127.0.0.1:22440/devtoo..., se:cdpVersion: 85.0, setWindowRect: true, strictFileInteractability: false, timeouts: {implicit: 0, pageLoad: 300000, script: 30000}, unhandledPromptBehavior: dismiss and notify, userAgent: Mozilla/5.0 (Windows NT 10....}
Session ID: e43e3c7a-5c83-4182-84bf-76b4fbdc0b19" type="org.openqa.selenium.TimeoutException">
      <![CDATA[org.openqa.selenium.TimeoutException: Expected condition failed: waiting for visibility of element located by By.xpath: /html/body/app-root/div/mat-sidenav-container/mat-sidenav-content/app-search-result/div/div/div[1]/div[1] (tried for 15 second(s) with 500 milliseconds interval)
Build info: version: '4.22.0', revision: 'c5f3146703*'
System info: os.name: 'Windows 11', os.arch: 'amd64', os.version: '10.0', java.version: '18.0.2.1'
Driver info: org.openqa.selenium.firefox.FirefoxDriver
Capabilities {acceptInsecureCerts: true, browserName: firefox, browserVersion: 128.0, moz:accessibilityChecks: false, moz:buildID: 20240704121409, moz:debuggerAddress: 127.0.0.1:22440, moz:geckodriverVersion: 0.34.0, moz:headless: false, moz:platformVersion: 10.0, moz:processID: 15464, moz:profile: C:\Users\ingjo\AppData\Loca..., moz:shutdownTimeout: 60000, moz:webdriverClick: true, moz:windowless: false, pageLoadStrategy: normal, platformName: windows, proxy: Proxy(), se:cdp: ws://127.0.0.1:22440/devtoo..., se:cdpVersion: 85.0, setWindowRect: true, strictFileInteractability: false, timeouts: {implicit: 0, pageLoad: 300000, script: 30000}, unhandledPromptBehavior: dismiss and notify, userAgent: Mozilla/5.0 (Windows NT 10....}
Session ID: e43e3c7a-5c83-4182-84bf-76b4fbdc0b19
at org.openqa.selenium.support.ui.WebDriverWait.timeoutException(WebDriverWait.java:84)
at org.openqa.selenium.support.ui.FluentWait.until(FluentWait.java:228)
at com.juice.stepDefinitionsTest.StepsGeneralUser.user_can_see_a_message(StepsGeneralUser.java:102)
at âœ½.user can see a message(file:///C:/Workspace/SeleniumWebDriver/SeleniumGherkinCucumberBDD/AutoCucumber/src/test/resources/features/2-login.feature:11)
]]>
    </error>
  </testcase> <!-- runScenario -->
  <system-out/>
  <testcase classname="com.juice.runner.CucumberRunner" name="runScenario" time="4.263"/>
  <system-out/>
  <testcase classname="com.juice.runner.CucumberRunner" name="runScenario" time="5.890"/>
  <system-out/>
  <testcase classname="com.juice.runner.CucumberRunner" name="runScenario" time="18.203"/>
  <system-out/>
  <testcase classname="com.juice.runner.CucumberRunner" name="runScenario" time="3.197"/>
  <system-out/>
  <testcase classname="com.juice.runner.CucumberRunner" name="runScenario" time="0.019"/>
  <system-out/>
  <testcase classname="com.juice.runner.CucumberRunner" name="runScenario" time="3.634"/>
  <system-out/>
  <testcase classname="com.juice.runner.CucumberRunner" name="runScenario" time="0.426"/>
  <system-out/>
  <testcase classname="com.juice.runner.CucumberRunner" name="runScenario" time="3.661"/>
  <system-out/>
</testsuite> <!-- com.juice.runner.CucumberRunner -->
